<?xml version="1.0" encoding="UTF-8"?>
<!-- Generated by org.testng.reporters.JUnitXMLReporter -->
<testsuite ignored="0" hostname="heffner-wl-266.dynamic.rpi.edu" failures="0" tests="5" name="Maventest" time="1.606" errors="0" timestamp="2021-11-03T11:31:47 EDT">
  <testcase classname="SafariTestTestNG" name="testMethod" time="0.598"/>
  <testcase classname="SafariTestTestNG" name="testMethod" time="0.198"/>
  <testcase classname="SafariTestTestNG" name="testMethod" time="0.363"/>
  <testcase classname="SafariTestTestNG" name="navigateTest" time="0.313"/>
  <testcase classname="SafariTestTestNG" name="TestLabel" time="0.119"/>
</testsuite> <!-- Maventest -->
