<?xml version="1.0" encoding="UTF-8"?>
<testng-results ignored="0" total="1" passed="1" failed="0" skipped="0">
  <reporter-output>
  </reporter-output>
  <suite started-at="2022-08-05T05:32:15 EDT" name="Default suite" finished-at="2022-08-05T05:32:17 EDT" duration-ms="2733">
    <groups>
    </groups>
    <test started-at="2022-08-05T05:32:15 EDT" name="Default test" finished-at="2022-08-05T05:32:17 EDT" duration-ms="2733">
      <class name="api_tests.Test1API">
        <test-method signature="jsonBlobGetTest()[pri:0, instance:api_tests.Test1API@770d3326]" started-at="2022-08-05T05:32:15 EDT" name="jsonBlobGetTest" finished-at="2022-08-05T05:32:17 EDT" duration-ms="2692" status="PASS">
          <reporter-output>
          </reporter-output>
        </test-method> <!-- jsonBlobGetTest -->
      </class> <!-- api_tests.Test1API -->
    </test> <!-- Default test -->
  </suite> <!-- Default suite -->
</testng-results>
